<?xml version="1.0" encoding="UTF-8"?>
<testng-results skipped="0" failed="0" ignored="0" total="1" passed="1">
  <reporter-output>
  </reporter-output>
  <suite name="Default suite" duration-ms="35871" started-at="2019-07-15T10:00:08Z" finished-at="2019-07-15T10:00:44Z">
    <groups>
    </groups>
    <test name="Default test" duration-ms="35871" started-at="2019-07-15T10:00:08Z" finished-at="2019-07-15T10:00:44Z">
      <class name="com.test.webdriverdemo2_driverutility">
        <test-method status="PASS" signature="f()[pri:0, instance:com.test.webdriverdemo2_driverutility@5d5eef3d]" name="f" duration-ms="35827" started-at="2019-07-15T10:00:08Z" finished-at="2019-07-15T10:00:44Z">
          <reporter-output>
          </reporter-output>
        </test-method> <!-- f -->
      </class> <!-- com.test.webdriverdemo2_driverutility -->
    </test> <!-- Default test -->
  </suite> <!-- Default suite -->
</testng-results>
